[ 2014-07-07T14:50:54+08:00 ] 127.0.0.1 /index.php/Index/tplist
SQL: SHOW COLUMNS FROM `sc_hangye` [ RunTime:0.089034s ]
SQL: SELECT * FROM `sc_hangye`  [ RunTime:0.015247s ]
INFO: [ view_parse ] --START--
INFO: ParseTemplate Behavior ::run [ RunTime:0.065276s ]
INFO: [ view_parse ] --END-- [ RunTime:0.065447s ]
INFO: [ view_filter ] --START--
INFO: ContentReplace Behavior ::run [ RunTime:0.001149s ]
INFO: TokenBuild Behavior ::run [ RunTime:0.001072s ]
INFO: WriteHtmlCache Behavior ::run [ RunTime:0.000895s ]
INFO: ShowRuntime Behavior ::run [ RunTime:0.001216s ]
INFO: [ view_filter ] --END-- [ RunTime:0.004598s ]
INFO: [ view_end ] --START--
INFO: ShowPageTrace Behavior ::run [ RunTime:0.002246s ]
INFO: [ view_end ] --END-- [ RunTime:0.002358s ]

[ 2014-07-07T14:50:57+08:00 ] 127.0.0.1 /index.php/Index/tplist
SQL: SHOW COLUMNS FROM `sc_hangye` [ RunTime:0.002953s ]
SQL: SELECT * FROM `sc_hangye`  [ RunTime:0.002010s ]
INFO: [ view_parse ] --START--
INFO: ParseTemplate Behavior ::run [ RunTime:0.028714s ]
INFO: [ view_parse ] --END-- [ RunTime:0.028892s ]
INFO: [ view_filter ] --START--
INFO: ContentReplace Behavior ::run [ RunTime:0.001368s ]
INFO: TokenBuild Behavior ::run [ RunTime:0.001663s ]
INFO: WriteHtmlCache Behavior ::run [ RunTime:0.003270s ]
INFO: ShowRuntime Behavior ::run [ RunTime:0.001199s ]
INFO: [ view_filter ] --END-- [ RunTime:0.007864s ]
INFO: [ view_end ] --START--
INFO: ShowPageTrace Behavior ::run [ RunTime:0.001616s ]
INFO: [ view_end ] --END-- [ RunTime:0.001768s ]

[ 2014-07-07T14:51:11+08:00 ] 127.0.0.1 /index.php/Index/tplist
SQL: SHOW COLUMNS FROM `sc_hangye` [ RunTime:0.003930s ]
SQL: SELECT * FROM `sc_hangye`  [ RunTime:0.007920s ]
INFO: [ view_parse ] --START--
INFO: ParseTemplate Behavior ::run [ RunTime:0.027999s ]
INFO: [ view_parse ] --END-- [ RunTime:0.028178s ]
INFO: [ view_filter ] --START--
INFO: ContentReplace Behavior ::run [ RunTime:0.001512s ]
INFO: TokenBuild Behavior ::run [ RunTime:0.001496s ]
INFO: WriteHtmlCache Behavior ::run [ RunTime:0.001089s ]
INFO: ShowRuntime Behavior ::run [ RunTime:0.001144s ]
INFO: [ view_filter ] --END-- [ RunTime:0.006428s ]
INFO: [ view_end ] --START--
INFO: ShowPageTrace Behavior ::run [ RunTime:0.002709s ]
INFO: [ view_end ] --END-- [ RunTime:0.002825s ]

[ 2014-07-07T14:51:22+08:00 ] 127.0.0.1 /index.php/Index/tplist
SQL: SHOW COLUMNS FROM `sc_hangye` [ RunTime:0.003383s ]
SQL: SELECT * FROM `sc_hangye`  [ RunTime:0.001999s ]
INFO: [ view_parse ] --START--
INFO: ParseTemplate Behavior ::run [ RunTime:0.016261s ]
INFO: [ view_parse ] --END-- [ RunTime:0.016417s ]
INFO: [ view_filter ] --START--
INFO: ContentReplace Behavior ::run [ RunTime:0.000707s ]
INFO: TokenBuild Behavior ::run [ RunTime:0.000519s ]
INFO: WriteHtmlCache Behavior ::run [ RunTime:0.000566s ]
INFO: ShowRuntime Behavior ::run [ RunTime:0.000635s ]
INFO: [ view_filter ] --END-- [ RunTime:0.002719s ]
INFO: [ view_end ] --START--
INFO: ShowPageTrace Behavior ::run [ RunTime:0.001165s ]
INFO: [ view_end ] --END-- [ RunTime:0.001356s ]

[ 2014-07-07T14:59:58+08:00 ] 127.0.0.1 /index.php/Index/tplist
SQL: SHOW COLUMNS FROM `sc_hangye` [ RunTime:0.004321s ]
SQL: SELECT * FROM `sc_hangye`  [ RunTime:0.005008s ]
INFO: [ view_parse ] --START--
INFO: ParseTemplate Behavior ::run [ RunTime:0.046998s ]
INFO: [ view_parse ] --END-- [ RunTime:0.047322s ]
INFO: [ view_filter ] --START--
INFO: ContentReplace Behavior ::run [ RunTime:0.000824s ]
INFO: TokenBuild Behavior ::run [ RunTime:0.000481s ]
INFO: WriteHtmlCache Behavior ::run [ RunTime:0.000300s ]
INFO: ShowRuntime Behavior ::run [ RunTime:0.000515s ]
INFO: [ view_filter ] --END-- [ RunTime:0.002371s ]
INFO: [ view_end ] --START--
INFO: ShowPageTrace Behavior ::run [ RunTime:0.000704s ]
INFO: [ view_end ] --END-- [ RunTime:0.000789s ]

[ 2014-07-07T15:00:00+08:00 ] 127.0.0.1 /index.php/Index/tplist
SQL: SHOW COLUMNS FROM `sc_hangye` [ RunTime:0.003331s ]
SQL: SELECT * FROM `sc_hangye`  [ RunTime:0.010241s ]
INFO: [ view_parse ] --START--
INFO: ParseTemplate Behavior ::run [ RunTime:0.013259s ]
INFO: [ view_parse ] --END-- [ RunTime:0.013418s ]
INFO: [ view_filter ] --START--
INFO: ContentReplace Behavior ::run [ RunTime:0.000598s ]
INFO: TokenBuild Behavior ::run [ RunTime:0.000496s ]
INFO: WriteHtmlCache Behavior ::run [ RunTime:0.000366s ]
INFO: ShowRuntime Behavior ::run [ RunTime:0.000509s ]
INFO: [ view_filter ] --END-- [ RunTime:0.002210s ]
INFO: [ view_end ] --START--
INFO: ShowPageTrace Behavior ::run [ RunTime:0.000703s ]
INFO: [ view_end ] --END-- [ RunTime:0.000785s ]

[ 2014-07-07T15:00:01+08:00 ] 127.0.0.1 /index.php/Index/tplist
SQL: SHOW COLUMNS FROM `sc_hangye` [ RunTime:0.010375s ]
SQL: SELECT * FROM `sc_hangye`  [ RunTime:0.010692s ]
INFO: [ view_parse ] --START--
INFO: ParseTemplate Behavior ::run [ RunTime:0.019547s ]
INFO: [ view_parse ] --END-- [ RunTime:0.019758s ]
INFO: [ view_filter ] --START--
INFO: ContentReplace Behavior ::run [ RunTime:0.000943s ]
INFO: TokenBuild Behavior ::run [ RunTime:0.000621s ]
INFO: WriteHtmlCache Behavior ::run [ RunTime:0.000375s ]
INFO: ShowRuntime Behavior ::run [ RunTime:0.000582s ]
INFO: [ view_filter ] --END-- [ RunTime:0.003020s ]
INFO: [ view_end ] --START--
INFO: ShowPageTrace Behavior ::run [ RunTime:0.000785s ]
INFO: [ view_end ] --END-- [ RunTime:0.000880s ]

[ 2014-07-07T15:00:57+08:00 ] 127.0.0.1 /index.php/Index/tplist
SQL: SHOW COLUMNS FROM `sc_hangye` [ RunTime:0.003685s ]
SQL: SELECT * FROM `sc_hangye`  [ RunTime:0.003059s ]
INFO: [ view_parse ] --START--
INFO: ParseTemplate Behavior ::run [ RunTime:0.012238s ]
INFO: [ view_parse ] --END-- [ RunTime:0.012414s ]
INFO: [ view_filter ] --START--
INFO: ContentReplace Behavior ::run [ RunTime:0.000565s ]
INFO: TokenBuild Behavior ::run [ RunTime:0.000441s ]
INFO: WriteHtmlCache Behavior ::run [ RunTime:0.000301s ]
INFO: ShowRuntime Behavior ::run [ RunTime:0.000506s ]
INFO: [ view_filter ] --END-- [ RunTime:0.002030s ]
INFO: [ view_end ] --START--
INFO: ShowPageTrace Behavior ::run [ RunTime:0.000681s ]
INFO: [ view_end ] --END-- [ RunTime:0.000760s ]

[ 2014-07-07T15:04:57+08:00 ] 127.0.0.1 /index.php/Index/tplist
SQL: SHOW COLUMNS FROM `sc_hangye` [ RunTime:0.004879s ]
SQL: SELECT * FROM `sc_hangye`  [ RunTime:0.003597s ]
INFO: [ view_parse ] --START--
INFO: ParseTemplate Behavior ::run [ RunTime:0.035807s ]
INFO: [ view_parse ] --END-- [ RunTime:0.036050s ]
INFO: [ view_filter ] --START--
INFO: ContentReplace Behavior ::run [ RunTime:0.000595s ]
INFO: TokenBuild Behavior ::run [ RunTime:0.000532s ]
INFO: WriteHtmlCache Behavior ::run [ RunTime:0.000398s ]
INFO: ShowRuntime Behavior ::run [ RunTime:0.000560s ]
INFO: [ view_filter ] --END-- [ RunTime:0.002359s ]
INFO: [ view_end ] --START--
INFO: ShowPageTrace Behavior ::run [ RunTime:0.000720s ]
INFO: [ view_end ] --END-- [ RunTime:0.000802s ]

[ 2014-07-07T15:32:39+08:00 ] 127.0.0.1 /index.php/Index/tplist
SQL: SHOW COLUMNS FROM `sc_hangye` [ RunTime:0.060596s ]
SQL: SELECT * FROM `sc_hangye`  [ RunTime:0.000323s ]
INFO: [ view_parse ] --START--
INFO: ParseTemplate Behavior ::run [ RunTime:0.082151s ]
INFO: [ view_parse ] --END-- [ RunTime:0.082441s ]
INFO: [ view_filter ] --START--
INFO: ContentReplace Behavior ::run [ RunTime:0.001243s ]
INFO: TokenBuild Behavior ::run [ RunTime:0.000925s ]
INFO: WriteHtmlCache Behavior ::run [ RunTime:0.000613s ]
INFO: ShowRuntime Behavior ::run [ RunTime:0.001007s ]
INFO: [ view_filter ] --END-- [ RunTime:0.004225s ]
INFO: [ view_end ] --START--
INFO: ShowPageTrace Behavior ::run [ RunTime:0.001604s ]
INFO: [ view_end ] --END-- [ RunTime:0.001806s ]

[ 2014-07-07T15:38:07+08:00 ] 127.0.0.1 /index.php/Index/tplist
SQL: SHOW COLUMNS FROM `sc_hangye` [ RunTime:0.002606s ]
SQL: SELECT * FROM `sc_hangye`  [ RunTime:0.001790s ]
INFO: [ view_parse ] --START--
INFO: ParseTemplate Behavior ::run [ RunTime:0.011574s ]
INFO: [ view_parse ] --END-- [ RunTime:0.011729s ]
INFO: [ view_filter ] --START--
INFO: ContentReplace Behavior ::run [ RunTime:0.000484s ]
INFO: TokenBuild Behavior ::run [ RunTime:0.000401s ]
INFO: WriteHtmlCache Behavior ::run [ RunTime:0.000266s ]
INFO: ShowRuntime Behavior ::run [ RunTime:0.000470s ]
INFO: [ view_filter ] --END-- [ RunTime:0.001814s ]
INFO: [ view_end ] --START--
INFO: ShowPageTrace Behavior ::run [ RunTime:0.000649s ]
INFO: [ view_end ] --END-- [ RunTime:0.000722s ]

[ 2014-07-07T15:41:06+08:00 ] 127.0.0.1 /index.php/Index/tplist
SQL: SHOW COLUMNS FROM `sc_hangye` [ RunTime:0.002965s ]
SQL: SELECT * FROM `sc_hangye`  [ RunTime:0.001856s ]
INFO: [ view_parse ] --START--
INFO: ParseTemplate Behavior ::run [ RunTime:0.015203s ]
INFO: [ view_parse ] --END-- [ RunTime:0.015344s ]
INFO: [ view_filter ] --START--
INFO: ContentReplace Behavior ::run [ RunTime:0.001119s ]
INFO: TokenBuild Behavior ::run [ RunTime:0.001273s ]
INFO: WriteHtmlCache Behavior ::run [ RunTime:0.000920s ]
INFO: ShowRuntime Behavior ::run [ RunTime:0.001043s ]
INFO: [ view_filter ] --END-- [ RunTime:0.004620s ]
INFO: [ view_end ] --START--
INFO: ShowPageTrace Behavior ::run [ RunTime:0.001781s ]
INFO: [ view_end ] --END-- [ RunTime:0.001871s ]

[ 2014-07-07T15:41:26+08:00 ] 127.0.0.1 /index.php/Index/tplist
SQL: SHOW COLUMNS FROM `sc_hangye` [ RunTime:0.012857s ]
SQL: SELECT * FROM `sc_hangye`  [ RunTime:0.057932s ]
INFO: [ view_parse ] --START--
INFO: ParseTemplate Behavior ::run [ RunTime:0.032248s ]
INFO: [ view_parse ] --END-- [ RunTime:0.032430s ]
INFO: [ view_filter ] --START--
INFO: ContentReplace Behavior ::run [ RunTime:0.002132s ]
INFO: TokenBuild Behavior ::run [ RunTime:0.001603s ]
INFO: WriteHtmlCache Behavior ::run [ RunTime:0.000933s ]
INFO: ShowRuntime Behavior ::run [ RunTime:0.001545s ]
INFO: [ view_filter ] --END-- [ RunTime:0.006979s ]
INFO: [ view_end ] --START--
INFO: ShowPageTrace Behavior ::run [ RunTime:0.004032s ]
INFO: [ view_end ] --END-- [ RunTime:0.004146s ]

[ 2014-07-07T15:41:27+08:00 ] 127.0.0.1 /index.php/Index/tplist
SQL: SHOW COLUMNS FROM `sc_hangye` [ RunTime:0.002169s ]
SQL: SELECT * FROM `sc_hangye`  [ RunTime:0.002019s ]
INFO: [ view_parse ] --START--
INFO: ParseTemplate Behavior ::run [ RunTime:0.015592s ]
INFO: [ view_parse ] --END-- [ RunTime:0.015741s ]
INFO: [ view_filter ] --START--
INFO: ContentReplace Behavior ::run [ RunTime:0.000532s ]
INFO: TokenBuild Behavior ::run [ RunTime:0.000426s ]
INFO: WriteHtmlCache Behavior ::run [ RunTime:0.000286s ]
INFO: ShowRuntime Behavior ::run [ RunTime:0.000508s ]
INFO: [ view_filter ] --END-- [ RunTime:0.001956s ]
INFO: [ view_end ] --START--
INFO: ShowPageTrace Behavior ::run [ RunTime:0.000706s ]
INFO: [ view_end ] --END-- [ RunTime:0.000801s ]

[ 2014-07-07T15:41:27+08:00 ] 127.0.0.1 /index.php/Index/tplist
SQL: SHOW COLUMNS FROM `sc_hangye` [ RunTime:0.002186s ]
SQL: SELECT * FROM `sc_hangye`  [ RunTime:0.001276s ]
INFO: [ view_parse ] --START--
INFO: ParseTemplate Behavior ::run [ RunTime:0.013248s ]
INFO: [ view_parse ] --END-- [ RunTime:0.013442s ]
INFO: [ view_filter ] --START--
INFO: ContentReplace Behavior ::run [ RunTime:0.000610s ]
INFO: TokenBuild Behavior ::run [ RunTime:0.000552s ]
INFO: WriteHtmlCache Behavior ::run [ RunTime:0.000409s ]
INFO: ShowRuntime Behavior ::run [ RunTime:0.001712s ]
INFO: [ view_filter ] --END-- [ RunTime:0.004595s ]
INFO: [ view_end ] --START--
INFO: ShowPageTrace Behavior ::run [ RunTime:0.000866s ]
INFO: [ view_end ] --END-- [ RunTime:0.000974s ]

[ 2014-07-07T15:42:15+08:00 ] 127.0.0.1 /index.php/Index/tplist
SQL: SHOW COLUMNS FROM `sc_hangye` [ RunTime:0.002205s ]
SQL: SELECT * FROM `sc_hangye`  [ RunTime:0.002333s ]
INFO: [ view_parse ] --START--
INFO: ParseTemplate Behavior ::run [ RunTime:0.012400s ]
INFO: [ view_parse ] --END-- [ RunTime:0.013125s ]
INFO: [ view_filter ] --START--
INFO: ContentReplace Behavior ::run [ RunTime:0.000697s ]
INFO: TokenBuild Behavior ::run [ RunTime:0.000538s ]
INFO: WriteHtmlCache Behavior ::run [ RunTime:0.003291s ]
INFO: ShowRuntime Behavior ::run [ RunTime:0.000856s ]
INFO: [ view_filter ] --END-- [ RunTime:0.005793s ]
INFO: [ view_end ] --START--
INFO: ShowPageTrace Behavior ::run [ RunTime:0.000752s ]
INFO: [ view_end ] --END-- [ RunTime:0.000833s ]

[ 2014-07-07T15:42:58+08:00 ] 127.0.0.1 /index.php/Index/tplist
SQL: SHOW COLUMNS FROM `sc_hangye` [ RunTime:0.002542s ]
SQL: SELECT * FROM `sc_hangye`  [ RunTime:0.006224s ]
INFO: [ view_parse ] --START--
INFO: ParseTemplate Behavior ::run [ RunTime:0.012609s ]
INFO: [ view_parse ] --END-- [ RunTime:0.012803s ]
INFO: [ view_filter ] --START--
INFO: ContentReplace Behavior ::run [ RunTime:0.000715s ]
INFO: TokenBuild Behavior ::run [ RunTime:0.000596s ]
INFO: WriteHtmlCache Behavior ::run [ RunTime:0.000389s ]
INFO: ShowRuntime Behavior ::run [ RunTime:0.000551s ]
INFO: [ view_filter ] --END-- [ RunTime:0.002543s ]
INFO: [ view_end ] --START--
INFO: ShowPageTrace Behavior ::run [ RunTime:0.000923s ]
INFO: [ view_end ] --END-- [ RunTime:0.001045s ]

[ 2014-07-07T15:42:59+08:00 ] 127.0.0.1 /index.php/Index/tplist
SQL: SHOW COLUMNS FROM `sc_hangye` [ RunTime:0.002478s ]
SQL: SELECT * FROM `sc_hangye`  [ RunTime:0.003419s ]
INFO: [ view_parse ] --START--
INFO: ParseTemplate Behavior ::run [ RunTime:0.017131s ]
INFO: [ view_parse ] --END-- [ RunTime:0.017438s ]
INFO: [ view_filter ] --START--
INFO: ContentReplace Behavior ::run [ RunTime:0.001342s ]
INFO: TokenBuild Behavior ::run [ RunTime:0.001382s ]
INFO: WriteHtmlCache Behavior ::run [ RunTime:0.001257s ]
INFO: ShowRuntime Behavior ::run [ RunTime:0.000901s ]
INFO: [ view_filter ] --END-- [ RunTime:0.005449s ]
INFO: [ view_end ] --START--
INFO: ShowPageTrace Behavior ::run [ RunTime:0.001472s ]
INFO: [ view_end ] --END-- [ RunTime:0.001584s ]

[ 2014-07-07T15:43:38+08:00 ] 127.0.0.1 /index.php/Index/tplist
SQL: SHOW COLUMNS FROM `sc_hangye` [ RunTime:0.002233s ]
SQL: SELECT * FROM `sc_hangye`  [ RunTime:0.001321s ]
INFO: [ view_parse ] --START--
INFO: ParseTemplate Behavior ::run [ RunTime:0.020574s ]
INFO: [ view_parse ] --END-- [ RunTime:0.020707s ]
INFO: [ view_filter ] --START--
INFO: ContentReplace Behavior ::run [ RunTime:0.001081s ]
INFO: TokenBuild Behavior ::run [ RunTime:0.002072s ]
INFO: WriteHtmlCache Behavior ::run [ RunTime:0.000952s ]
INFO: ShowRuntime Behavior ::run [ RunTime:0.001150s ]
INFO: [ view_filter ] --END-- [ RunTime:0.005536s ]
INFO: [ view_end ] --START--
INFO: ShowPageTrace Behavior ::run [ RunTime:0.001262s ]
INFO: [ view_end ] --END-- [ RunTime:0.001340s ]

[ 2014-07-07T15:43:38+08:00 ] 127.0.0.1 /index.php/Index/tplist
SQL: SHOW COLUMNS FROM `sc_hangye` [ RunTime:0.002457s ]
SQL: SELECT * FROM `sc_hangye`  [ RunTime:0.008909s ]
INFO: [ view_parse ] --START--
INFO: ParseTemplate Behavior ::run [ RunTime:0.029240s ]
INFO: [ view_parse ] --END-- [ RunTime:0.029456s ]
INFO: [ view_filter ] --START--
INFO: ContentReplace Behavior ::run [ RunTime:0.000610s ]
INFO: TokenBuild Behavior ::run [ RunTime:0.000437s ]
INFO: WriteHtmlCache Behavior ::run [ RunTime:0.000285s ]
INFO: ShowRuntime Behavior ::run [ RunTime:0.000512s ]
INFO: [ view_filter ] --END-- [ RunTime:0.002052s ]
INFO: [ view_end ] --START--
INFO: ShowPageTrace Behavior ::run [ RunTime:0.000676s ]
INFO: [ view_end ] --END-- [ RunTime:0.000757s ]

[ 2014-07-07T15:43:38+08:00 ] 127.0.0.1 /index.php/Index/tplist
SQL: SHOW COLUMNS FROM `sc_hangye` [ RunTime:0.002256s ]
SQL: SELECT * FROM `sc_hangye`  [ RunTime:0.001282s ]
INFO: [ view_parse ] --START--
INFO: ParseTemplate Behavior ::run [ RunTime:0.020496s ]
INFO: [ view_parse ] --END-- [ RunTime:0.020882s ]
INFO: [ view_filter ] --START--
INFO: ContentReplace Behavior ::run [ RunTime:0.001610s ]
INFO: TokenBuild Behavior ::run [ RunTime:0.001320s ]
INFO: WriteHtmlCache Behavior ::run [ RunTime:0.001363s ]
INFO: ShowRuntime Behavior ::run [ RunTime:0.001624s ]
INFO: [ view_filter ] --END-- [ RunTime:0.006297s ]
INFO: [ view_end ] --START--
INFO: ShowPageTrace Behavior ::run [ RunTime:0.001842s ]
INFO: [ view_end ] --END-- [ RunTime:0.001972s ]

[ 2014-07-07T15:43:39+08:00 ] 127.0.0.1 /index.php/Index/tplist
SQL: SHOW COLUMNS FROM `sc_hangye` [ RunTime:0.006451s ]
SQL: SELECT * FROM `sc_hangye`  [ RunTime:0.002489s ]
INFO: [ view_parse ] --START--
INFO: ParseTemplate Behavior ::run [ RunTime:0.016205s ]
INFO: [ view_parse ] --END-- [ RunTime:0.016364s ]
INFO: [ view_filter ] --START--
INFO: ContentReplace Behavior ::run [ RunTime:0.001104s ]
INFO: TokenBuild Behavior ::run [ RunTime:0.000518s ]
INFO: WriteHtmlCache Behavior ::run [ RunTime:0.000294s ]
INFO: ShowRuntime Behavior ::run [ RunTime:0.000496s ]
INFO: [ view_filter ] --END-- [ RunTime:0.002655s ]
INFO: [ view_end ] --START--
INFO: ShowPageTrace Behavior ::run [ RunTime:0.000676s ]
INFO: [ view_end ] --END-- [ RunTime:0.000747s ]

[ 2014-07-07T15:43:39+08:00 ] 127.0.0.1 /index.php/Index/tplist
SQL: SHOW COLUMNS FROM `sc_hangye` [ RunTime:0.002478s ]
SQL: SELECT * FROM `sc_hangye`  [ RunTime:0.002350s ]
INFO: [ view_parse ] --START--
INFO: ParseTemplate Behavior ::run [ RunTime:0.015555s ]
INFO: [ view_parse ] --END-- [ RunTime:0.015696s ]
INFO: [ view_filter ] --START--
INFO: ContentReplace Behavior ::run [ RunTime:0.000584s ]
INFO: TokenBuild Behavior ::run [ RunTime:0.000778s ]
INFO: WriteHtmlCache Behavior ::run [ RunTime:0.000439s ]
INFO: ShowRuntime Behavior ::run [ RunTime:0.000644s ]
INFO: [ view_filter ] --END-- [ RunTime:0.002926s ]
INFO: [ view_end ] --START--
INFO: ShowPageTrace Behavior ::run [ RunTime:0.000944s ]
INFO: [ view_end ] --END-- [ RunTime:0.001090s ]

[ 2014-07-07T15:43:40+08:00 ] 127.0.0.1 /index.php/Index/tplist
SQL: SHOW COLUMNS FROM `sc_hangye` [ RunTime:0.003097s ]
SQL: SELECT * FROM `sc_hangye`  [ RunTime:0.002255s ]
INFO: [ view_parse ] --START--
INFO: ParseTemplate Behavior ::run [ RunTime:0.025901s ]
INFO: [ view_parse ] --END-- [ RunTime:0.026066s ]
INFO: [ view_filter ] --START--
INFO: ContentReplace Behavior ::run [ RunTime:0.000492s ]
INFO: TokenBuild Behavior ::run [ RunTime:0.000404s ]
INFO: WriteHtmlCache Behavior ::run [ RunTime:0.000267s ]
INFO: ShowRuntime Behavior ::run [ RunTime:0.000511s ]
INFO: [ view_filter ] --END-- [ RunTime:0.001874s ]
INFO: [ view_end ] --START--
INFO: ShowPageTrace Behavior ::run [ RunTime:0.000647s ]
INFO: [ view_end ] --END-- [ RunTime:0.000735s ]

[ 2014-07-07T15:48:48+08:00 ] 127.0.0.1 /index.php/Index/tplist
SQL: SHOW COLUMNS FROM `sc_hangye` [ RunTime:0.227714s ]
SQL: SELECT * FROM `sc_hangye`  [ RunTime:0.000314s ]
INFO: [ view_parse ] --START--
INFO: ParseTemplate Behavior ::run [ RunTime:0.042614s ]
INFO: [ view_parse ] --END-- [ RunTime:0.042749s ]
INFO: [ view_filter ] --START--
INFO: ContentReplace Behavior ::run [ RunTime:0.001071s ]
INFO: TokenBuild Behavior ::run [ RunTime:0.000979s ]
INFO: WriteHtmlCache Behavior ::run [ RunTime:0.000857s ]
INFO: ShowRuntime Behavior ::run [ RunTime:0.001416s ]
INFO: [ view_filter ] --END-- [ RunTime:0.004554s ]
INFO: [ view_end ] --START--
INFO: ShowPageTrace Behavior ::run [ RunTime:0.001273s ]
INFO: [ view_end ] --END-- [ RunTime:0.001348s ]

[ 2014-07-07T15:51:26+08:00 ] 127.0.0.1 /index.php/Index/tplist
SQL: SHOW COLUMNS FROM `sc_hangye` [ RunTime:0.002906s ]
SQL: SELECT * FROM `sc_hangye`  [ RunTime:0.001807s ]
INFO: [ view_parse ] --START--
INFO: ParseTemplate Behavior ::run [ RunTime:0.015448s ]
INFO: [ view_parse ] --END-- [ RunTime:0.015626s ]
INFO: [ view_filter ] --START--
INFO: ContentReplace Behavior ::run [ RunTime:0.001127s ]
INFO: TokenBuild Behavior ::run [ RunTime:0.000975s ]
INFO: WriteHtmlCache Behavior ::run [ RunTime:0.000898s ]
INFO: ShowRuntime Behavior ::run [ RunTime:0.001040s ]
INFO: [ view_filter ] --END-- [ RunTime:0.004264s ]
INFO: [ view_end ] --START--
INFO: ShowPageTrace Behavior ::run [ RunTime:0.001225s ]
INFO: [ view_end ] --END-- [ RunTime:0.001301s ]

[ 2014-07-07T15:52:09+08:00 ] 127.0.0.1 /index.php/Index/tplist
SQL: SHOW COLUMNS FROM `sc_hangye` [ RunTime:0.020608s ]
SQL: SELECT * FROM `sc_hangye`  [ RunTime:0.016973s ]
INFO: [ view_parse ] --START--
INFO: ParseTemplate Behavior ::run [ RunTime:0.013415s ]
INFO: [ view_parse ] --END-- [ RunTime:0.013622s ]
INFO: [ view_filter ] --START--
INFO: ContentReplace Behavior ::run [ RunTime:0.000572s ]
INFO: TokenBuild Behavior ::run [ RunTime:0.000556s ]
INFO: WriteHtmlCache Behavior ::run [ RunTime:0.000289s ]
INFO: ShowRuntime Behavior ::run [ RunTime:0.000469s ]
INFO: [ view_filter ] --END-- [ RunTime:0.002124s ]
INFO: [ view_end ] --START--
INFO: ShowPageTrace Behavior ::run [ RunTime:0.000630s ]
INFO: [ view_end ] --END-- [ RunTime:0.000698s ]

[ 2014-07-07T15:52:21+08:00 ] 127.0.0.1 /index.php/Index/tplist
SQL: SHOW COLUMNS FROM `sc_hangye` [ RunTime:0.003220s ]
SQL: SELECT * FROM `sc_hangye`  [ RunTime:0.001097s ]
INFO: [ view_parse ] --START--
INFO: ParseTemplate Behavior ::run [ RunTime:0.011177s ]
INFO: [ view_parse ] --END-- [ RunTime:0.011322s ]
INFO: [ view_filter ] --START--
INFO: ContentReplace Behavior ::run [ RunTime:0.000486s ]
INFO: TokenBuild Behavior ::run [ RunTime:0.000486s ]
INFO: WriteHtmlCache Behavior ::run [ RunTime:0.000274s ]
INFO: ShowRuntime Behavior ::run [ RunTime:0.000532s ]
INFO: [ view_filter ] --END-- [ RunTime:0.001979s ]
INFO: [ view_end ] --START--
INFO: ShowPageTrace Behavior ::run [ RunTime:0.000640s ]
INFO: [ view_end ] --END-- [ RunTime:0.000710s ]

[ 2014-07-07T15:52:22+08:00 ] 127.0.0.1 /index.php/Index/tplist
SQL: SHOW COLUMNS FROM `sc_hangye` [ RunTime:0.002749s ]
SQL: SELECT * FROM `sc_hangye`  [ RunTime:0.002600s ]
INFO: [ view_parse ] --START--
INFO: ParseTemplate Behavior ::run [ RunTime:0.011881s ]
INFO: [ view_parse ] --END-- [ RunTime:0.012015s ]
INFO: [ view_filter ] --START--
INFO: ContentReplace Behavior ::run [ RunTime:0.000471s ]
INFO: TokenBuild Behavior ::run [ RunTime:0.000418s ]
INFO: WriteHtmlCache Behavior ::run [ RunTime:0.000266s ]
INFO: ShowRuntime Behavior ::run [ RunTime:0.000481s ]
INFO: [ view_filter ] --END-- [ RunTime:0.001832s ]
INFO: [ view_end ] --START--
INFO: ShowPageTrace Behavior ::run [ RunTime:0.000684s ]
INFO: [ view_end ] --END-- [ RunTime:0.000756s ]

[ 2014-07-07T15:52:29+08:00 ] 127.0.0.1 /index.php/Index/tplist
SQL: SHOW COLUMNS FROM `sc_hangye` [ RunTime:0.004130s ]
SQL: SELECT * FROM `sc_hangye`  [ RunTime:0.002117s ]
INFO: [ view_parse ] --START--
INFO: ParseTemplate Behavior ::run [ RunTime:0.014368s ]
INFO: [ view_parse ] --END-- [ RunTime:0.014551s ]
INFO: [ view_filter ] --START--
INFO: ContentReplace Behavior ::run [ RunTime:0.000486s ]
INFO: TokenBuild Behavior ::run [ RunTime:0.000397s ]
INFO: WriteHtmlCache Behavior ::run [ RunTime:0.000262s ]
INFO: ShowRuntime Behavior ::run [ RunTime:0.000470s ]
INFO: [ view_filter ] --END-- [ RunTime:0.001808s ]
INFO: [ view_end ] --START--
INFO: ShowPageTrace Behavior ::run [ RunTime:0.000638s ]
INFO: [ view_end ] --END-- [ RunTime:0.000708s ]

[ 2014-07-07T15:52:35+08:00 ] 127.0.0.1 /index.php/Index/tplist
SQL: SHOW COLUMNS FROM `sc_hangye` [ RunTime:0.003126s ]
SQL: SELECT * FROM `sc_hangye`  [ RunTime:0.007984s ]
INFO: [ view_parse ] --START--
INFO: ParseTemplate Behavior ::run [ RunTime:0.013139s ]
INFO: [ view_parse ] --END-- [ RunTime:0.013291s ]
INFO: [ view_filter ] --START--
INFO: ContentReplace Behavior ::run [ RunTime:0.000503s ]
INFO: TokenBuild Behavior ::run [ RunTime:0.000403s ]
INFO: WriteHtmlCache Behavior ::run [ RunTime:0.000271s ]
INFO: ShowRuntime Behavior ::run [ RunTime:0.000477s ]
INFO: [ view_filter ] --END-- [ RunTime:0.001857s ]
INFO: [ view_end ] --START--
INFO: ShowPageTrace Behavior ::run [ RunTime:0.000639s ]
INFO: [ view_end ] --END-- [ RunTime:0.000714s ]

[ 2014-07-07T15:52:35+08:00 ] 127.0.0.1 /index.php/Index/tplist
SQL: SHOW COLUMNS FROM `sc_hangye` [ RunTime:0.002530s ]
SQL: SELECT * FROM `sc_hangye`  [ RunTime:0.002214s ]
INFO: [ view_parse ] --START--
INFO: ParseTemplate Behavior ::run [ RunTime:0.027690s ]
INFO: [ view_parse ] --END-- [ RunTime:0.027848s ]
INFO: [ view_filter ] --START--
INFO: ContentReplace Behavior ::run [ RunTime:0.001767s ]
INFO: TokenBuild Behavior ::run [ RunTime:0.001200s ]
INFO: WriteHtmlCache Behavior ::run [ RunTime:0.000997s ]
INFO: ShowRuntime Behavior ::run [ RunTime:0.001286s ]
INFO: [ view_filter ] --END-- [ RunTime:0.005684s ]
INFO: [ view_end ] --START--
INFO: ShowPageTrace Behavior ::run [ RunTime:0.001625s ]
INFO: [ view_end ] --END-- [ RunTime:0.001729s ]

[ 2014-07-07T15:52:36+08:00 ] 127.0.0.1 /index.php/Index/tplist
SQL: SHOW COLUMNS FROM `sc_hangye` [ RunTime:0.003514s ]
SQL: SELECT * FROM `sc_hangye`  [ RunTime:0.002300s ]
INFO: [ view_parse ] --START--
INFO: ParseTemplate Behavior ::run [ RunTime:0.016954s ]
INFO: [ view_parse ] --END-- [ RunTime:0.017087s ]
INFO: [ view_filter ] --START--
INFO: ContentReplace Behavior ::run [ RunTime:0.003406s ]
INFO: TokenBuild Behavior ::run [ RunTime:0.000449s ]
INFO: WriteHtmlCache Behavior ::run [ RunTime:0.000353s ]
INFO: ShowRuntime Behavior ::run [ RunTime:0.000505s ]
INFO: [ view_filter ] --END-- [ RunTime:0.004985s ]
INFO: [ view_end ] --START--
INFO: ShowPageTrace Behavior ::run [ RunTime:0.000651s ]
INFO: [ view_end ] --END-- [ RunTime:0.000728s ]

[ 2014-07-07T15:52:46+08:00 ] 127.0.0.1 /index.php/Index/tplist
SQL: SHOW COLUMNS FROM `sc_hangye` [ RunTime:0.003886s ]
SQL: SELECT * FROM `sc_hangye`  [ RunTime:0.001805s ]
INFO: [ view_parse ] --START--
INFO: ParseTemplate Behavior ::run [ RunTime:0.013956s ]
INFO: [ view_parse ] --END-- [ RunTime:0.014105s ]
INFO: [ view_filter ] --START--
INFO: ContentReplace Behavior ::run [ RunTime:0.000477s ]
INFO: TokenBuild Behavior ::run [ RunTime:0.000394s ]
INFO: WriteHtmlCache Behavior ::run [ RunTime:0.000263s ]
INFO: ShowRuntime Behavior ::run [ RunTime:0.000472s ]
INFO: [ view_filter ] --END-- [ RunTime:0.001800s ]
INFO: [ view_end ] --START--
INFO: ShowPageTrace Behavior ::run [ RunTime:0.000640s ]
INFO: [ view_end ] --END-- [ RunTime:0.000710s ]

[ 2014-07-07T15:52:47+08:00 ] 127.0.0.1 /index.php/Index/tplist
SQL: SHOW COLUMNS FROM `sc_hangye` [ RunTime:0.002712s ]
SQL: SELECT * FROM `sc_hangye`  [ RunTime:0.005376s ]
INFO: [ view_parse ] --START--
INFO: ParseTemplate Behavior ::run [ RunTime:0.013898s ]
INFO: [ view_parse ] --END-- [ RunTime:0.014090s ]
INFO: [ view_filter ] --START--
INFO: ContentReplace Behavior ::run [ RunTime:0.000603s ]
INFO: TokenBuild Behavior ::run [ RunTime:0.000608s ]
INFO: WriteHtmlCache Behavior ::run [ RunTime:0.000963s ]
INFO: ShowRuntime Behavior ::run [ RunTime:0.000892s ]
INFO: [ view_filter ] --END-- [ RunTime:0.003531s ]
INFO: [ view_end ] --START--
INFO: ShowPageTrace Behavior ::run [ RunTime:0.004243s ]
INFO: [ view_end ] --END-- [ RunTime:0.004397s ]

[ 2014-07-07T15:52:53+08:00 ] 127.0.0.1 /index.php/Index/tplist
SQL: SHOW COLUMNS FROM `sc_hangye` [ RunTime:0.003382s ]
SQL: SELECT * FROM `sc_hangye`  [ RunTime:0.002550s ]
INFO: [ view_parse ] --START--
INFO: ParseTemplate Behavior ::run [ RunTime:0.031833s ]
INFO: [ view_parse ] --END-- [ RunTime:0.032042s ]
INFO: [ view_filter ] --START--
INFO: ContentReplace Behavior ::run [ RunTime:0.001028s ]
INFO: TokenBuild Behavior ::run [ RunTime:0.000576s ]
INFO: WriteHtmlCache Behavior ::run [ RunTime:0.000433s ]
INFO: ShowRuntime Behavior ::run [ RunTime:0.000551s ]
INFO: [ view_filter ] --END-- [ RunTime:0.002890s ]
INFO: [ view_end ] --START--
INFO: ShowPageTrace Behavior ::run [ RunTime:0.001086s ]
INFO: [ view_end ] --END-- [ RunTime:0.001249s ]

[ 2014-07-07T15:52:53+08:00 ] 127.0.0.1 /index.php/Index/tplist
SQL: SHOW COLUMNS FROM `sc_hangye` [ RunTime:0.003080s ]
SQL: SELECT * FROM `sc_hangye`  [ RunTime:0.001181s ]
INFO: [ view_parse ] --START--
INFO: ParseTemplate Behavior ::run [ RunTime:0.011350s ]
INFO: [ view_parse ] --END-- [ RunTime:0.011481s ]
INFO: [ view_filter ] --START--
INFO: ContentReplace Behavior ::run [ RunTime:0.000469s ]
INFO: TokenBuild Behavior ::run [ RunTime:0.000400s ]
INFO: WriteHtmlCache Behavior ::run [ RunTime:0.000265s ]
INFO: ShowRuntime Behavior ::run [ RunTime:0.000533s ]
INFO: [ view_filter ] --END-- [ RunTime:0.001862s ]
INFO: [ view_end ] --START--
INFO: ShowPageTrace Behavior ::run [ RunTime:0.000683s ]
INFO: [ view_end ] --END-- [ RunTime:0.000758s ]

[ 2014-07-07T15:53:38+08:00 ] 127.0.0.1 /index.php/Index/tplist
SQL: SHOW COLUMNS FROM `sc_hangye` [ RunTime:0.002674s ]
SQL: SELECT * FROM `sc_hangye`  [ RunTime:0.004669s ]
INFO: [ view_parse ] --START--
INFO: ParseTemplate Behavior ::run [ RunTime:0.023208s ]
INFO: [ view_parse ] --END-- [ RunTime:0.023443s ]
INFO: [ view_filter ] --START--
INFO: ContentReplace Behavior ::run [ RunTime:0.001293s ]
INFO: TokenBuild Behavior ::run [ RunTime:0.004113s ]
INFO: WriteHtmlCache Behavior ::run [ RunTime:0.001900s ]
INFO: ShowRuntime Behavior ::run [ RunTime:0.005016s ]
INFO: [ view_filter ] --END-- [ RunTime:0.013059s ]
INFO: [ view_end ] --START--
INFO: ShowPageTrace Behavior ::run [ RunTime:0.003109s ]
INFO: [ view_end ] --END-- [ RunTime:0.003328s ]

[ 2014-07-07T15:53:55+08:00 ] 127.0.0.1 /index.php/Index/tplist
SQL: SHOW COLUMNS FROM `sc_hangye` [ RunTime:0.003012s ]
SQL: SELECT * FROM `sc_hangye`  [ RunTime:0.038050s ]
INFO: [ view_parse ] --START--
INFO: ParseTemplate Behavior ::run [ RunTime:0.021702s ]
INFO: [ view_parse ] --END-- [ RunTime:0.021929s ]
INFO: [ view_filter ] --START--
INFO: ContentReplace Behavior ::run [ RunTime:0.000635s ]
INFO: TokenBuild Behavior ::run [ RunTime:0.000452s ]
INFO: WriteHtmlCache Behavior ::run [ RunTime:0.000379s ]
INFO: ShowRuntime Behavior ::run [ RunTime:0.000490s ]
INFO: [ view_filter ] --END-- [ RunTime:0.002946s ]
INFO: [ view_end ] --START--
INFO: ShowPageTrace Behavior ::run [ RunTime:0.000645s ]
INFO: [ view_end ] --END-- [ RunTime:0.000718s ]

[ 2014-07-07T15:53:55+08:00 ] 127.0.0.1 /index.php/Index/tplist
SQL: SHOW COLUMNS FROM `sc_hangye` [ RunTime:0.004688s ]
SQL: SELECT * FROM `sc_hangye`  [ RunTime:0.001788s ]
INFO: [ view_parse ] --START--
INFO: ParseTemplate Behavior ::run [ RunTime:0.013553s ]
INFO: [ view_parse ] --END-- [ RunTime:0.013687s ]
INFO: [ view_filter ] --START--
INFO: ContentReplace Behavior ::run [ RunTime:0.000471s ]
INFO: TokenBuild Behavior ::run [ RunTime:0.000392s ]
INFO: WriteHtmlCache Behavior ::run [ RunTime:0.000263s ]
INFO: ShowRuntime Behavior ::run [ RunTime:0.000470s ]
INFO: [ view_filter ] --END-- [ RunTime:0.001789s ]
INFO: [ view_end ] --START--
INFO: ShowPageTrace Behavior ::run [ RunTime:0.000623s ]
INFO: [ view_end ] --END-- [ RunTime:0.000693s ]

[ 2014-07-07T15:54:15+08:00 ] 127.0.0.1 /index.php/Index/tplist
SQL: SHOW COLUMNS FROM `sc_hangye` [ RunTime:0.002960s ]
SQL: SELECT * FROM `sc_hangye`  [ RunTime:0.022640s ]
INFO: [ view_parse ] --START--
INFO: ParseTemplate Behavior ::run [ RunTime:0.011578s ]
INFO: [ view_parse ] --END-- [ RunTime:0.011737s ]
INFO: [ view_filter ] --START--
INFO: ContentReplace Behavior ::run [ RunTime:0.000469s ]
INFO: TokenBuild Behavior ::run [ RunTime:0.000599s ]
INFO: WriteHtmlCache Behavior ::run [ RunTime:0.000339s ]
INFO: ShowRuntime Behavior ::run [ RunTime:0.000732s ]
INFO: [ view_filter ] --END-- [ RunTime:0.002420s ]
INFO: [ view_end ] --START--
INFO: ShowPageTrace Behavior ::run [ RunTime:0.000860s ]
INFO: [ view_end ] --END-- [ RunTime:0.001012s ]

[ 2014-07-07T15:54:30+08:00 ] 127.0.0.1 /index.php/Index/tplist
SQL: SHOW COLUMNS FROM `sc_hangye` [ RunTime:0.003423s ]
SQL: SELECT * FROM `sc_hangye`  [ RunTime:0.034393s ]
INFO: [ view_parse ] --START--
INFO: ParseTemplate Behavior ::run [ RunTime:0.014814s ]
INFO: [ view_parse ] --END-- [ RunTime:0.015014s ]
INFO: [ view_filter ] --START--
INFO: ContentReplace Behavior ::run [ RunTime:0.000643s ]
INFO: TokenBuild Behavior ::run [ RunTime:0.000442s ]
INFO: WriteHtmlCache Behavior ::run [ RunTime:0.000290s ]
INFO: ShowRuntime Behavior ::run [ RunTime:0.000526s ]
INFO: [ view_filter ] --END-- [ RunTime:0.002123s ]
INFO: [ view_end ] --START--
INFO: ShowPageTrace Behavior ::run [ RunTime:0.000639s ]
INFO: [ view_end ] --END-- [ RunTime:0.000711s ]

[ 2014-07-07T15:54:30+08:00 ] 127.0.0.1 /index.php/Index/tplist
SQL: SHOW COLUMNS FROM `sc_hangye` [ RunTime:0.003044s ]
SQL: SELECT * FROM `sc_hangye`  [ RunTime:0.007066s ]
INFO: [ view_parse ] --START--
INFO: ParseTemplate Behavior ::run [ RunTime:0.029777s ]
INFO: [ view_parse ] --END-- [ RunTime:0.029981s ]
INFO: [ view_filter ] --START--
INFO: ContentReplace Behavior ::run [ RunTime:0.001325s ]
INFO: TokenBuild Behavior ::run [ RunTime:0.001193s ]
INFO: WriteHtmlCache Behavior ::run [ RunTime:0.003219s ]
INFO: ShowRuntime Behavior ::run [ RunTime:0.001517s ]
INFO: [ view_filter ] --END-- [ RunTime:0.007666s ]
INFO: [ view_end ] --START--
INFO: ShowPageTrace Behavior ::run [ RunTime:0.003548s ]
INFO: [ view_end ] --END-- [ RunTime:0.003749s ]

[ 2014-07-07T15:54:44+08:00 ] 127.0.0.1 /index.php/Index/tplist
SQL: SHOW COLUMNS FROM `sc_hangye` [ RunTime:0.002605s ]
SQL: SELECT * FROM `sc_hangye`  [ RunTime:0.001598s ]
INFO: [ view_parse ] --START--
INFO: ParseTemplate Behavior ::run [ RunTime:0.013766s ]
INFO: [ view_parse ] --END-- [ RunTime:0.013908s ]
INFO: [ view_filter ] --START--
INFO: ContentReplace Behavior ::run [ RunTime:0.000483s ]
INFO: TokenBuild Behavior ::run [ RunTime:0.000392s ]
INFO: WriteHtmlCache Behavior ::run [ RunTime:0.000268s ]
INFO: ShowRuntime Behavior ::run [ RunTime:0.000471s ]
INFO: [ view_filter ] --END-- [ RunTime:0.001829s ]
INFO: [ view_end ] --START--
INFO: ShowPageTrace Behavior ::run [ RunTime:0.000647s ]
INFO: [ view_end ] --END-- [ RunTime:0.000718s ]

[ 2014-07-07T15:54:44+08:00 ] 127.0.0.1 /index.php/Index/tplist
SQL: SHOW COLUMNS FROM `sc_hangye` [ RunTime:0.003414s ]
SQL: SELECT * FROM `sc_hangye`  [ RunTime:0.000213s ]
INFO: [ view_parse ] --START--
INFO: ParseTemplate Behavior ::run [ RunTime:0.013050s ]
INFO: [ view_parse ] --END-- [ RunTime:0.013187s ]
INFO: [ view_filter ] --START--
INFO: ContentReplace Behavior ::run [ RunTime:0.000478s ]
INFO: TokenBuild Behavior ::run [ RunTime:0.000398s ]
INFO: WriteHtmlCache Behavior ::run [ RunTime:0.000265s ]
INFO: ShowRuntime Behavior ::run [ RunTime:0.000491s ]
INFO: [ view_filter ] --END-- [ RunTime:0.001827s ]
INFO: [ view_end ] --START--
INFO: ShowPageTrace Behavior ::run [ RunTime:0.000631s ]
INFO: [ view_end ] --END-- [ RunTime:0.000703s ]

[ 2014-07-07T15:54:52+08:00 ] 127.0.0.1 /index.php/Index/tplist
SQL: SHOW COLUMNS FROM `sc_hangye` [ RunTime:0.004518s ]
SQL: SELECT * FROM `sc_hangye`  [ RunTime:0.002413s ]
INFO: [ view_parse ] --START--
INFO: ParseTemplate Behavior ::run [ RunTime:0.013678s ]
INFO: [ view_parse ] --END-- [ RunTime:0.013826s ]
INFO: [ view_filter ] --START--
INFO: ContentReplace Behavior ::run [ RunTime:0.000502s ]
INFO: TokenBuild Behavior ::run [ RunTime:0.000396s ]
INFO: WriteHtmlCache Behavior ::run [ RunTime:0.000280s ]
INFO: ShowRuntime Behavior ::run [ RunTime:0.000475s ]
INFO: [ view_filter ] --END-- [ RunTime:0.001848s ]
INFO: [ view_end ] --START--
INFO: ShowPageTrace Behavior ::run [ RunTime:0.000639s ]
INFO: [ view_end ] --END-- [ RunTime:0.000709s ]

[ 2014-07-07T15:54:52+08:00 ] 127.0.0.1 /index.php/Index/tplist
SQL: SHOW COLUMNS FROM `sc_hangye` [ RunTime:0.002427s ]
SQL: SELECT * FROM `sc_hangye`  [ RunTime:0.006450s ]
INFO: [ view_parse ] --START--
INFO: ParseTemplate Behavior ::run [ RunTime:0.012760s ]
INFO: [ view_parse ] --END-- [ RunTime:0.012932s ]
INFO: [ view_filter ] --START--
INFO: ContentReplace Behavior ::run [ RunTime:0.001231s ]
INFO: TokenBuild Behavior ::run [ RunTime:0.000865s ]
INFO: WriteHtmlCache Behavior ::run [ RunTime:0.000597s ]
INFO: ShowRuntime Behavior ::run [ RunTime:0.000760s ]
INFO: [ view_filter ] --END-- [ RunTime:0.003915s ]
INFO: [ view_end ] --START--
INFO: ShowPageTrace Behavior ::run [ RunTime:0.000738s ]
INFO: [ view_end ] --END-- [ RunTime:0.000817s ]

[ 2014-07-07T15:55:24+08:00 ] 127.0.0.1 /index.php/Index/tplist
SQL: SHOW COLUMNS FROM `sc_hangye` [ RunTime:0.002973s ]
SQL: SELECT * FROM `sc_hangye`  [ RunTime:0.007450s ]
INFO: [ view_parse ] --START--
INFO: ParseTemplate Behavior ::run [ RunTime:0.011283s ]
INFO: [ view_parse ] --END-- [ RunTime:0.011426s ]
INFO: [ view_filter ] --START--
INFO: ContentReplace Behavior ::run [ RunTime:0.000624s ]
INFO: TokenBuild Behavior ::run [ RunTime:0.000494s ]
INFO: WriteHtmlCache Behavior ::run [ RunTime:0.000344s ]
INFO: ShowRuntime Behavior ::run [ RunTime:0.000722s ]
INFO: [ view_filter ] --END-- [ RunTime:0.002462s ]
INFO: [ view_end ] --START--
INFO: ShowPageTrace Behavior ::run [ RunTime:0.000883s ]
INFO: [ view_end ] --END-- [ RunTime:0.001000s ]

[ 2014-07-07T15:55:25+08:00 ] 127.0.0.1 /index.php/Index/tplist
SQL: SHOW COLUMNS FROM `sc_hangye` [ RunTime:0.004821s ]
SQL: SELECT * FROM `sc_hangye`  [ RunTime:0.003070s ]
INFO: [ view_parse ] --START--
INFO: ParseTemplate Behavior ::run [ RunTime:0.015340s ]
INFO: [ view_parse ] --END-- [ RunTime:0.015490s ]
INFO: [ view_filter ] --START--
INFO: ContentReplace Behavior ::run [ RunTime:0.000472s ]
INFO: TokenBuild Behavior ::run [ RunTime:0.000406s ]
INFO: WriteHtmlCache Behavior ::run [ RunTime:0.000265s ]
INFO: ShowRuntime Behavior ::run [ RunTime:0.000516s ]
INFO: [ view_filter ] --END-- [ RunTime:0.001858s ]
INFO: [ view_end ] --START--
INFO: ShowPageTrace Behavior ::run [ RunTime:0.000644s ]
INFO: [ view_end ] --END-- [ RunTime:0.000715s ]

[ 2014-07-07T16:02:52+08:00 ] 127.0.0.1 /index.php/Index/tplist
SQL: SHOW COLUMNS FROM `sc_hangye` [ RunTime:0.060822s ]
SQL: SELECT * FROM `sc_hangye`  [ RunTime:0.000431s ]
INFO: [ view_parse ] --START--
INFO: ParseTemplate Behavior ::run [ RunTime:0.068703s ]
INFO: [ view_parse ] --END-- [ RunTime:0.068845s ]
INFO: [ view_filter ] --START--
INFO: ContentReplace Behavior ::run [ RunTime:0.001084s ]
INFO: TokenBuild Behavior ::run [ RunTime:0.000958s ]
INFO: WriteHtmlCache Behavior ::run [ RunTime:0.000864s ]
INFO: ShowRuntime Behavior ::run [ RunTime:0.001164s ]
INFO: [ view_filter ] --END-- [ RunTime:0.004283s ]
INFO: [ view_end ] --START--
INFO: ShowPageTrace Behavior ::run [ RunTime:0.001444s ]
INFO: [ view_end ] --END-- [ RunTime:0.001527s ]

[ 2014-07-07T16:02:55+08:00 ] 127.0.0.1 /index.php/Index/tplist
SQL: SHOW COLUMNS FROM `sc_hangye` [ RunTime:0.008781s ]
SQL: SELECT * FROM `sc_hangye`  [ RunTime:0.001432s ]
INFO: [ view_parse ] --START--
INFO: ParseTemplate Behavior ::run [ RunTime:0.020194s ]
INFO: [ view_parse ] --END-- [ RunTime:0.020332s ]
INFO: [ view_filter ] --START--
INFO: ContentReplace Behavior ::run [ RunTime:0.001096s ]
INFO: TokenBuild Behavior ::run [ RunTime:0.000988s ]
INFO: WriteHtmlCache Behavior ::run [ RunTime:0.000824s ]
INFO: ShowRuntime Behavior ::run [ RunTime:0.001066s ]
INFO: [ view_filter ] --END-- [ RunTime:0.004188s ]
INFO: [ view_end ] --START--
INFO: ShowPageTrace Behavior ::run [ RunTime:0.001370s ]
INFO: [ view_end ] --END-- [ RunTime:0.001448s ]

[ 2014-07-07T16:08:09+08:00 ] 127.0.0.1 /index.php/Index/tplist
SQL: SHOW COLUMNS FROM `sc_hangye` [ RunTime:0.007671s ]
SQL: SELECT * FROM `sc_hangye`  [ RunTime:0.001529s ]
INFO: [ view_parse ] --START--
INFO: ParseTemplate Behavior ::run [ RunTime:0.041863s ]
INFO: [ view_parse ] --END-- [ RunTime:0.042052s ]
INFO: [ view_filter ] --START--
INFO: ContentReplace Behavior ::run [ RunTime:0.000493s ]
INFO: TokenBuild Behavior ::run [ RunTime:0.000399s ]
INFO: WriteHtmlCache Behavior ::run [ RunTime:0.000520s ]
INFO: ShowRuntime Behavior ::run [ RunTime:0.000568s ]
INFO: [ view_filter ] --END-- [ RunTime:0.002221s ]
INFO: [ view_end ] --START--
INFO: ShowPageTrace Behavior ::run [ RunTime:0.000654s ]
INFO: [ view_end ] --END-- [ RunTime:0.000727s ]

[ 2014-07-07T16:08:10+08:00 ] 127.0.0.1 /index.php/Index/tplist
SQL: SHOW COLUMNS FROM `sc_hangye` [ RunTime:0.016132s ]
SQL: SELECT * FROM `sc_hangye`  [ RunTime:0.001232s ]
INFO: [ view_parse ] --START--
INFO: ParseTemplate Behavior ::run [ RunTime:0.012027s ]
INFO: [ view_parse ] --END-- [ RunTime:0.012171s ]
INFO: [ view_filter ] --START--
INFO: ContentReplace Behavior ::run [ RunTime:0.000476s ]
INFO: TokenBuild Behavior ::run [ RunTime:0.000422s ]
INFO: WriteHtmlCache Behavior ::run [ RunTime:0.000272s ]
INFO: ShowRuntime Behavior ::run [ RunTime:0.000497s ]
INFO: [ view_filter ] --END-- [ RunTime:0.001870s ]
INFO: [ view_end ] --START--
INFO: ShowPageTrace Behavior ::run [ RunTime:0.000657s ]
INFO: [ view_end ] --END-- [ RunTime:0.000731s ]

[ 2014-07-07T16:31:20+08:00 ] 127.0.0.1 /index.php/Index/tplist
SQL: SHOW COLUMNS FROM `sc_hangye` [ RunTime:0.026060s ]
SQL: SELECT * FROM `sc_hangye`  [ RunTime:0.002206s ]
INFO: [ view_parse ] --START--
INFO: ParseTemplate Behavior ::run [ RunTime:0.040474s ]
INFO: [ view_parse ] --END-- [ RunTime:0.040617s ]
INFO: [ view_filter ] --START--
INFO: ContentReplace Behavior ::run [ RunTime:0.000519s ]
INFO: TokenBuild Behavior ::run [ RunTime:0.000461s ]
INFO: WriteHtmlCache Behavior ::run [ RunTime:0.000300s ]
INFO: ShowRuntime Behavior ::run [ RunTime:0.000539s ]
INFO: [ view_filter ] --END-- [ RunTime:0.002054s ]
INFO: [ view_end ] --START--
INFO: ShowPageTrace Behavior ::run [ RunTime:0.000744s ]
INFO: [ view_end ] --END-- [ RunTime:0.000847s ]

[ 2014-07-07T16:32:49+08:00 ] 127.0.0.1 /index.php/Index/tplist
SQL: SHOW COLUMNS FROM `sc_hangye` [ RunTime:0.002369s ]
SQL: SELECT * FROM `sc_hangye`  [ RunTime:0.002283s ]
INFO: [ view_parse ] --START--
INFO: ParseTemplate Behavior ::run [ RunTime:0.014319s ]
INFO: [ view_parse ] --END-- [ RunTime:0.014473s ]
INFO: [ view_filter ] --START--
INFO: ContentReplace Behavior ::run [ RunTime:0.001571s ]
INFO: TokenBuild Behavior ::run [ RunTime:0.001470s ]
INFO: WriteHtmlCache Behavior ::run [ RunTime:0.000978s ]
INFO: ShowRuntime Behavior ::run [ RunTime:0.001212s ]
INFO: [ view_filter ] --END-- [ RunTime:0.005536s ]
INFO: [ view_end ] --START--
INFO: ShowPageTrace Behavior ::run [ RunTime:0.001278s ]
INFO: [ view_end ] --END-- [ RunTime:0.001355s ]

[ 2014-07-07T16:32:50+08:00 ] 127.0.0.1 /index.php/Index/tplist
SQL: SHOW COLUMNS FROM `sc_hangye` [ RunTime:0.003827s ]
SQL: SELECT * FROM `sc_hangye`  [ RunTime:0.003429s ]
INFO: [ view_parse ] --START--
INFO: ParseTemplate Behavior ::run [ RunTime:0.013445s ]
INFO: [ view_parse ] --END-- [ RunTime:0.013601s ]
INFO: [ view_filter ] --START--
INFO: ContentReplace Behavior ::run [ RunTime:0.000477s ]
INFO: TokenBuild Behavior ::run [ RunTime:0.000404s ]
INFO: WriteHtmlCache Behavior ::run [ RunTime:0.000267s ]
INFO: ShowRuntime Behavior ::run [ RunTime:0.000510s ]
INFO: [ view_filter ] --END-- [ RunTime:0.001859s ]
INFO: [ view_end ] --START--
INFO: ShowPageTrace Behavior ::run [ RunTime:0.000646s ]
INFO: [ view_end ] --END-- [ RunTime:0.000717s ]

[ 2014-07-07T16:33:19+08:00 ] 127.0.0.1 /index.php/Index/tplist
SQL: SHOW COLUMNS FROM `sc_hangye` [ RunTime:0.003620s ]
SQL: SELECT * FROM `sc_hangye`  [ RunTime:0.004848s ]
INFO: [ view_parse ] --START--
INFO: ParseTemplate Behavior ::run [ RunTime:0.011902s ]
INFO: [ view_parse ] --END-- [ RunTime:0.012053s ]
INFO: [ view_filter ] --START--
INFO: ContentReplace Behavior ::run [ RunTime:0.000503s ]
INFO: TokenBuild Behavior ::run [ RunTime:0.000430s ]
INFO: WriteHtmlCache Behavior ::run [ RunTime:0.000283s ]
INFO: ShowRuntime Behavior ::run [ RunTime:0.000500s ]
INFO: [ view_filter ] --END-- [ RunTime:0.001922s ]
INFO: [ view_end ] --START--
INFO: ShowPageTrace Behavior ::run [ RunTime:0.000676s ]
INFO: [ view_end ] --END-- [ RunTime:0.000753s ]

[ 2014-07-07T16:33:22+08:00 ] 127.0.0.1 /newsview-2
ERR: 非法操作:newsview-2

[ 2014-07-07T16:36:47+08:00 ] 127.0.0.1 /newsview-2
ERR: 非法操作:newsview-2

[ 2014-07-07T16:36:47+08:00 ] 127.0.0.1 /newsview-2
ERR: 非法操作:newsview-2

[ 2014-07-07T16:36:48+08:00 ] 127.0.0.1 /newsview-2
ERR: 非法操作:newsview-2

[ 2014-07-07T16:36:48+08:00 ] 127.0.0.1 /newsview-2
ERR: 非法操作:newsview-2

[ 2014-07-07T16:36:48+08:00 ] 127.0.0.1 /newsview-2
ERR: 非法操作:newsview-2

[ 2014-07-07T16:36:48+08:00 ] 127.0.0.1 /newsview-2
ERR: 非法操作:newsview-2

[ 2014-07-07T16:36:49+08:00 ] 127.0.0.1 /newsview-2
ERR: 非法操作:newsview-2

[ 2014-07-07T16:37:06+08:00 ] 127.0.0.1 /newsview-2
ERR: 模板不存在[./Home/Tpl/default/Index/newsview.html]

[ 2014-07-07T16:37:06+08:00 ] 127.0.0.1 /newsview-2
ERR: 模板不存在[./Home/Tpl/default/Index/newsview.html]

[ 2014-07-07T16:37:07+08:00 ] 127.0.0.1 /newsview-2
ERR: 模板不存在[./Home/Tpl/default/Index/newsview.html]

[ 2014-07-07T16:40:33+08:00 ] 127.0.0.1 /index.php/Index/tplist
SQL: SHOW COLUMNS FROM `sc_hangye` [ RunTime:0.002236s ]
SQL: SELECT * FROM `sc_hangye`  [ RunTime:0.001846s ]
INFO: [ view_parse ] --START--
INFO: ParseTemplate Behavior ::run [ RunTime:0.015323s ]
INFO: [ view_parse ] --END-- [ RunTime:0.015503s ]
INFO: [ view_filter ] --START--
INFO: ContentReplace Behavior ::run [ RunTime:0.001327s ]
INFO: TokenBuild Behavior ::run [ RunTime:0.001158s ]
INFO: WriteHtmlCache Behavior ::run [ RunTime:0.000830s ]
INFO: ShowRuntime Behavior ::run [ RunTime:0.001038s ]
INFO: [ view_filter ] --END-- [ RunTime:0.004691s ]
INFO: [ view_end ] --START--
INFO: ShowPageTrace Behavior ::run [ RunTime:0.001249s ]
INFO: [ view_end ] --END-- [ RunTime:0.001326s ]

[ 2014-07-07T16:41:01+08:00 ] 127.0.0.1 /index.php/Index/tplist
SQL: SHOW COLUMNS FROM `sc_hangye` [ RunTime:0.002365s ]
SQL: SELECT * FROM `sc_hangye`  [ RunTime:0.003556s ]
INFO: [ view_parse ] --START--
INFO: ParseTemplate Behavior ::run [ RunTime:0.021016s ]
INFO: [ view_parse ] --END-- [ RunTime:0.021159s ]
INFO: [ view_filter ] --START--
INFO: ContentReplace Behavior ::run [ RunTime:0.000499s ]
INFO: TokenBuild Behavior ::run [ RunTime:0.000542s ]
INFO: WriteHtmlCache Behavior ::run [ RunTime:0.000276s ]
INFO: ShowRuntime Behavior ::run [ RunTime:0.000514s ]
INFO: [ view_filter ] --END-- [ RunTime:0.002041s ]
INFO: [ view_end ] --START--
INFO: ShowPageTrace Behavior ::run [ RunTime:0.000658s ]
INFO: [ view_end ] --END-- [ RunTime:0.000730s ]

[ 2014-07-07T16:41:02+08:00 ] 127.0.0.1 /index.php/Index/tplist
SQL: SHOW COLUMNS FROM `sc_hangye` [ RunTime:0.012242s ]
SQL: SELECT * FROM `sc_hangye`  [ RunTime:0.003064s ]
INFO: [ view_parse ] --START--
INFO: ParseTemplate Behavior ::run [ RunTime:0.012256s ]
INFO: [ view_parse ] --END-- [ RunTime:0.012393s ]
INFO: [ view_filter ] --START--
INFO: ContentReplace Behavior ::run [ RunTime:0.000571s ]
INFO: TokenBuild Behavior ::run [ RunTime:0.000601s ]
INFO: WriteHtmlCache Behavior ::run [ RunTime:0.000358s ]
INFO: ShowRuntime Behavior ::run [ RunTime:0.000507s ]
INFO: [ view_filter ] --END-- [ RunTime:0.002279s ]
INFO: [ view_end ] --START--
INFO: ShowPageTrace Behavior ::run [ RunTime:0.000666s ]
INFO: [ view_end ] --END-- [ RunTime:0.000764s ]

[ 2014-07-07T16:41:21+08:00 ] 127.0.0.1 /index.php/Index/tplist
SQL: SHOW COLUMNS FROM `sc_hangye` [ RunTime:0.003576s ]
SQL: SELECT * FROM `sc_hangye`  [ RunTime:0.002269s ]
INFO: [ view_parse ] --START--
INFO: ParseTemplate Behavior ::run [ RunTime:0.053148s ]
INFO: [ view_parse ] --END-- [ RunTime:0.053305s ]
INFO: [ view_filter ] --START--
INFO: ContentReplace Behavior ::run [ RunTime:0.000556s ]
INFO: TokenBuild Behavior ::run [ RunTime:0.000401s ]
INFO: WriteHtmlCache Behavior ::run [ RunTime:0.000273s ]
INFO: ShowRuntime Behavior ::run [ RunTime:0.000475s ]
INFO: [ view_filter ] --END-- [ RunTime:0.001912s ]
INFO: [ view_end ] --START--
INFO: ShowPageTrace Behavior ::run [ RunTime:0.000647s ]
INFO: [ view_end ] --END-- [ RunTime:0.000721s ]

[ 2014-07-07T16:41:22+08:00 ] 127.0.0.1 /index.php/Index/tplist
SQL: SHOW COLUMNS FROM `sc_hangye` [ RunTime:0.002300s ]
SQL: SELECT * FROM `sc_hangye`  [ RunTime:0.001783s ]
INFO: [ view_parse ] --START--
INFO: ParseTemplate Behavior ::run [ RunTime:0.014280s ]
INFO: [ view_parse ] --END-- [ RunTime:0.014418s ]
INFO: [ view_filter ] --START--
INFO: ContentReplace Behavior ::run [ RunTime:0.001117s ]
INFO: TokenBuild Behavior ::run [ RunTime:0.000967s ]
INFO: WriteHtmlCache Behavior ::run [ RunTime:0.000832s ]
INFO: ShowRuntime Behavior ::run [ RunTime:0.001043s ]
INFO: [ view_filter ] --END-- [ RunTime:0.004172s ]
INFO: [ view_end ] --START--
INFO: ShowPageTrace Behavior ::run [ RunTime:0.001537s ]
INFO: [ view_end ] --END-- [ RunTime:0.001619s ]

[ 2014-07-07T16:41:30+08:00 ] 127.0.0.1 /index.php/Index/tplist
SQL: SHOW COLUMNS FROM `sc_hangye` [ RunTime:0.002399s ]
SQL: SELECT * FROM `sc_hangye`  [ RunTime:0.001786s ]
INFO: [ view_parse ] --START--
INFO: ParseTemplate Behavior ::run [ RunTime:0.018083s ]
INFO: [ view_parse ] --END-- [ RunTime:0.018225s ]
INFO: [ view_filter ] --START--
INFO: ContentReplace Behavior ::run [ RunTime:0.000484s ]
INFO: TokenBuild Behavior ::run [ RunTime:0.000390s ]
INFO: WriteHtmlCache Behavior ::run [ RunTime:0.000322s ]
INFO: ShowRuntime Behavior ::run [ RunTime:0.000569s ]
INFO: [ view_filter ] --END-- [ RunTime:0.002042s ]
INFO: [ view_end ] --START--
INFO: ShowPageTrace Behavior ::run [ RunTime:0.000906s ]
INFO: [ view_end ] --END-- [ RunTime:0.001072s ]

[ 2014-07-07T16:41:31+08:00 ] 127.0.0.1 /index.php/Index/tplist
SQL: SHOW COLUMNS FROM `sc_hangye` [ RunTime:0.004586s ]
SQL: SELECT * FROM `sc_hangye`  [ RunTime:0.001983s ]
INFO: [ view_parse ] --START--
INFO: ParseTemplate Behavior ::run [ RunTime:0.012232s ]
INFO: [ view_parse ] --END-- [ RunTime:0.012371s ]
INFO: [ view_filter ] --START--
INFO: ContentReplace Behavior ::run [ RunTime:0.000498s ]
INFO: TokenBuild Behavior ::run [ RunTime:0.000396s ]
INFO: WriteHtmlCache Behavior ::run [ RunTime:0.000265s ]
INFO: ShowRuntime Behavior ::run [ RunTime:0.000488s ]
INFO: [ view_filter ] --END-- [ RunTime:0.001845s ]
INFO: [ view_end ] --START--
INFO: ShowPageTrace Behavior ::run [ RunTime:0.000643s ]
INFO: [ view_end ] --END-- [ RunTime:0.000722s ]

[ 2014-07-07T16:41:31+08:00 ] 127.0.0.1 /index.php/Index/tplist
SQL: SHOW COLUMNS FROM `sc_hangye` [ RunTime:0.002453s ]
SQL: SELECT * FROM `sc_hangye`  [ RunTime:0.028670s ]
INFO: [ view_parse ] --START--
INFO: ParseTemplate Behavior ::run [ RunTime:0.012872s ]
INFO: [ view_parse ] --END-- [ RunTime:0.013012s ]
INFO: [ view_filter ] --START--
INFO: ContentReplace Behavior ::run [ RunTime:0.000540s ]
INFO: TokenBuild Behavior ::run [ RunTime:0.000403s ]
INFO: WriteHtmlCache Behavior ::run [ RunTime:0.000267s ]
INFO: ShowRuntime Behavior ::run [ RunTime:0.000487s ]
INFO: [ view_filter ] --END-- [ RunTime:0.001901s ]
INFO: [ view_end ] --START--
INFO: ShowPageTrace Behavior ::run [ RunTime:0.000647s ]
INFO: [ view_end ] --END-- [ RunTime:0.000720s ]

[ 2014-07-07T16:42:12+08:00 ] 127.0.0.1 /index.php/Index/tplist
SQL: SHOW COLUMNS FROM `sc_hangye` [ RunTime:0.002177s ]
SQL: SELECT * FROM `sc_hangye`  [ RunTime:0.002774s ]
INFO: [ view_parse ] --START--
INFO: ParseTemplate Behavior ::run [ RunTime:0.011939s ]
INFO: [ view_parse ] --END-- [ RunTime:0.012075s ]
INFO: [ view_filter ] --START--
INFO: ContentReplace Behavior ::run [ RunTime:0.000492s ]
INFO: TokenBuild Behavior ::run [ RunTime:0.000395s ]
INFO: WriteHtmlCache Behavior ::run [ RunTime:0.000266s ]
INFO: ShowRuntime Behavior ::run [ RunTime:0.000487s ]
INFO: [ view_filter ] --END-- [ RunTime:0.001839s ]
INFO: [ view_end ] --START--
INFO: ShowPageTrace Behavior ::run [ RunTime:0.000664s ]
INFO: [ view_end ] --END-- [ RunTime:0.000738s ]

[ 2014-07-07T16:42:13+08:00 ] 127.0.0.1 /index.php/Index/tplist
SQL: SHOW COLUMNS FROM `sc_hangye` [ RunTime:0.002533s ]
SQL: SELECT * FROM `sc_hangye`  [ RunTime:0.001746s ]
INFO: [ view_parse ] --START--
INFO: ParseTemplate Behavior ::run [ RunTime:0.011313s ]
INFO: [ view_parse ] --END-- [ RunTime:0.011463s ]
INFO: [ view_filter ] --START--
INFO: ContentReplace Behavior ::run [ RunTime:0.000604s ]
INFO: TokenBuild Behavior ::run [ RunTime:0.000491s ]
INFO: WriteHtmlCache Behavior ::run [ RunTime:0.000399s ]
INFO: ShowRuntime Behavior ::run [ RunTime:0.000614s ]
INFO: [ view_filter ] --END-- [ RunTime:0.002461s ]
INFO: [ view_end ] --START--
INFO: ShowPageTrace Behavior ::run [ RunTime:0.000760s ]
INFO: [ view_end ] --END-- [ RunTime:0.000859s ]

[ 2014-07-07T16:42:14+08:00 ] 127.0.0.1 /index.php/Index/tplist
SQL: SHOW COLUMNS FROM `sc_hangye` [ RunTime:0.002304s ]
SQL: SELECT * FROM `sc_hangye`  [ RunTime:0.002338s ]
INFO: [ view_parse ] --START--
INFO: ParseTemplate Behavior ::run [ RunTime:0.013654s ]
INFO: [ view_parse ] --END-- [ RunTime:0.013797s ]
INFO: [ view_filter ] --START--
INFO: ContentReplace Behavior ::run [ RunTime:0.000494s ]
INFO: TokenBuild Behavior ::run [ RunTime:0.000397s ]
INFO: WriteHtmlCache Behavior ::run [ RunTime:0.000287s ]
INFO: ShowRuntime Behavior ::run [ RunTime:0.000480s ]
INFO: [ view_filter ] --END-- [ RunTime:0.001858s ]
INFO: [ view_end ] --START--
INFO: ShowPageTrace Behavior ::run [ RunTime:0.000647s ]
INFO: [ view_end ] --END-- [ RunTime:0.000718s ]

[ 2014-07-07T16:42:33+08:00 ] 127.0.0.1 /index.php/Index/tplist
SQL: SHOW COLUMNS FROM `sc_hangye` [ RunTime:0.002318s ]
SQL: SELECT * FROM `sc_hangye`  [ RunTime:0.005390s ]
INFO: [ view_parse ] --START--
INFO: ParseTemplate Behavior ::run [ RunTime:0.011174s ]
INFO: [ view_parse ] --END-- [ RunTime:0.011342s ]
INFO: [ view_filter ] --START--
INFO: ContentReplace Behavior ::run [ RunTime:0.000554s ]
INFO: TokenBuild Behavior ::run [ RunTime:0.000493s ]
INFO: WriteHtmlCache Behavior ::run [ RunTime:0.000743s ]
INFO: ShowRuntime Behavior ::run [ RunTime:0.000705s ]
INFO: [ view_filter ] --END-- [ RunTime:0.002834s ]
INFO: [ view_end ] --START--
INFO: ShowPageTrace Behavior ::run [ RunTime:0.001027s ]
INFO: [ view_end ] --END-- [ RunTime:0.001140s ]

[ 2014-07-07T16:42:33+08:00 ] 127.0.0.1 /index.php/Index/tplist
SQL: SHOW COLUMNS FROM `sc_hangye` [ RunTime:0.003483s ]
SQL: SELECT * FROM `sc_hangye`  [ RunTime:0.004036s ]
INFO: [ view_parse ] --START--
INFO: ParseTemplate Behavior ::run [ RunTime:0.014259s ]
INFO: [ view_parse ] --END-- [ RunTime:0.014405s ]
INFO: [ view_filter ] --START--
INFO: ContentReplace Behavior ::run [ RunTime:0.000527s ]
INFO: TokenBuild Behavior ::run [ RunTime:0.000414s ]
INFO: WriteHtmlCache Behavior ::run [ RunTime:0.000287s ]
INFO: ShowRuntime Behavior ::run [ RunTime:0.000487s ]
INFO: [ view_filter ] --END-- [ RunTime:0.001931s ]
INFO: [ view_end ] --START--
INFO: ShowPageTrace Behavior ::run [ RunTime:0.000662s ]
INFO: [ view_end ] --END-- [ RunTime:0.000737s ]

[ 2014-07-07T16:42:33+08:00 ] 127.0.0.1 /index.php/Index/tplist
SQL: SHOW COLUMNS FROM `sc_hangye` [ RunTime:0.002886s ]
SQL: SELECT * FROM `sc_hangye`  [ RunTime:0.003564s ]
INFO: [ view_parse ] --START--
INFO: ParseTemplate Behavior ::run [ RunTime:0.012744s ]
INFO: [ view_parse ] --END-- [ RunTime:0.013034s ]
INFO: [ view_filter ] --START--
INFO: ContentReplace Behavior ::run [ RunTime:0.001812s ]
INFO: TokenBuild Behavior ::run [ RunTime:0.000508s ]
INFO: WriteHtmlCache Behavior ::run [ RunTime:0.000319s ]
INFO: ShowRuntime Behavior ::run [ RunTime:0.000494s ]
INFO: [ view_filter ] --END-- [ RunTime:0.003392s ]
INFO: [ view_end ] --START--
INFO: ShowPageTrace Behavior ::run [ RunTime:0.000646s ]
INFO: [ view_end ] --END-- [ RunTime:0.000718s ]

[ 2014-07-07T16:42:51+08:00 ] 127.0.0.1 /index.php/Index/tplist
SQL: SHOW COLUMNS FROM `sc_hangye` [ RunTime:0.002814s ]
SQL: SELECT * FROM `sc_hangye`  [ RunTime:0.003639s ]
INFO: [ view_parse ] --START--
INFO: ParseTemplate Behavior ::run [ RunTime:0.011248s ]
INFO: [ view_parse ] --END-- [ RunTime:0.011398s ]
INFO: [ view_filter ] --START--
INFO: ContentReplace Behavior ::run [ RunTime:0.000482s ]
INFO: TokenBuild Behavior ::run [ RunTime:0.000400s ]
INFO: WriteHtmlCache Behavior ::run [ RunTime:0.000268s ]
INFO: ShowRuntime Behavior ::run [ RunTime:0.001719s ]
INFO: [ view_filter ] --END-- [ RunTime:0.003130s ]
INFO: [ view_end ] --START--
INFO: ShowPageTrace Behavior ::run [ RunTime:0.000780s ]
INFO: [ view_end ] --END-- [ RunTime:0.000862s ]

[ 2014-07-07T16:42:52+08:00 ] 127.0.0.1 /index.php/Index/tplist
SQL: SHOW COLUMNS FROM `sc_hangye` [ RunTime:0.002270s ]
SQL: SELECT * FROM `sc_hangye`  [ RunTime:0.005061s ]
INFO: [ view_parse ] --START--
INFO: ParseTemplate Behavior ::run [ RunTime:0.017197s ]
INFO: [ view_parse ] --END-- [ RunTime:0.017353s ]
INFO: [ view_filter ] --START--
INFO: ContentReplace Behavior ::run [ RunTime:0.001211s ]
INFO: TokenBuild Behavior ::run [ RunTime:0.000999s ]
INFO: WriteHtmlCache Behavior ::run [ RunTime:0.000887s ]
INFO: ShowRuntime Behavior ::run [ RunTime:0.001042s ]
INFO: [ view_filter ] --END-- [ RunTime:0.004371s ]
INFO: [ view_end ] --START--
INFO: ShowPageTrace Behavior ::run [ RunTime:0.001220s ]
INFO: [ view_end ] --END-- [ RunTime:0.001295s ]

[ 2014-07-07T16:43:01+08:00 ] 127.0.0.1 /index.php/Index/tplist
SQL: SHOW COLUMNS FROM `sc_hangye` [ RunTime:0.002179s ]
SQL: SELECT * FROM `sc_hangye`  [ RunTime:0.001865s ]
INFO: [ view_parse ] --START--
INFO: ParseTemplate Behavior ::run [ RunTime:0.014437s ]
INFO: [ view_parse ] --END-- [ RunTime:0.014573s ]
INFO: [ view_filter ] --START--
INFO: ContentReplace Behavior ::run [ RunTime:0.001086s ]
INFO: TokenBuild Behavior ::run [ RunTime:0.000961s ]
INFO: WriteHtmlCache Behavior ::run [ RunTime:0.000828s ]
INFO: ShowRuntime Behavior ::run [ RunTime:0.001135s ]
INFO: [ view_filter ] --END-- [ RunTime:0.004221s ]
INFO: [ view_end ] --START--
INFO: ShowPageTrace Behavior ::run [ RunTime:0.001837s ]
INFO: [ view_end ] --END-- [ RunTime:0.001921s ]

[ 2014-07-07T16:43:01+08:00 ] 127.0.0.1 /index.php/Index/tplist
SQL: SHOW COLUMNS FROM `sc_hangye` [ RunTime:0.002537s ]
SQL: SELECT * FROM `sc_hangye`  [ RunTime:0.017855s ]
INFO: [ view_parse ] --START--
NOTIC: [2] file_put_contents(./Home/Runtime/Cache/070f09c4eb9b425e0c559905895c12e7.php) [<a href='function.file-put-contents'>function.file-put-contents</a>]: failed to open stream: Invalid argument D:\wamp\Engine\Lib\Template\ThinkTemplate.class.php 第 122 行.
ERR: 缓存文件写入失败！:./Home/Runtime/Cache/070f09c4eb9b425e0c559905895c12e7.php

[ 2014-07-07T16:43:03+08:00 ] 127.0.0.1 /index.php/Index/tplist
SQL: SHOW COLUMNS FROM `sc_hangye` [ RunTime:0.002227s ]
SQL: SELECT * FROM `sc_hangye`  [ RunTime:0.001782s ]
INFO: [ view_parse ] --START--
INFO: ParseTemplate Behavior ::run [ RunTime:0.011359s ]
INFO: [ view_parse ] --END-- [ RunTime:0.011493s ]
INFO: [ view_filter ] --START--
INFO: ContentReplace Behavior ::run [ RunTime:0.000492s ]
INFO: TokenBuild Behavior ::run [ RunTime:0.000399s ]
INFO: WriteHtmlCache Behavior ::run [ RunTime:0.000273s ]
INFO: ShowRuntime Behavior ::run [ RunTime:0.000486s ]
INFO: [ view_filter ] --END-- [ RunTime:0.001855s ]
INFO: [ view_end ] --START--
INFO: ShowPageTrace Behavior ::run [ RunTime:0.000650s ]
INFO: [ view_end ] --END-- [ RunTime:0.000723s ]

[ 2014-07-07T16:43:04+08:00 ] 127.0.0.1 /index.php/Index/tplist
SQL: SHOW COLUMNS FROM `sc_hangye` [ RunTime:0.002540s ]
SQL: SELECT * FROM `sc_hangye`  [ RunTime:0.002966s ]
INFO: [ view_parse ] --START--
INFO: ParseTemplate Behavior ::run [ RunTime:0.012218s ]
INFO: [ view_parse ] --END-- [ RunTime:0.012374s ]
INFO: [ view_filter ] --START--
INFO: ContentReplace Behavior ::run [ RunTime:0.000567s ]
INFO: TokenBuild Behavior ::run [ RunTime:0.000468s ]
INFO: WriteHtmlCache Behavior ::run [ RunTime:0.000560s ]
INFO: ShowRuntime Behavior ::run [ RunTime:0.000604s ]
INFO: [ view_filter ] --END-- [ RunTime:0.002459s ]
INFO: [ view_end ] --START--
INFO: ShowPageTrace Behavior ::run [ RunTime:0.000786s ]
INFO: [ view_end ] --END-- [ RunTime:0.000868s ]

[ 2014-07-07T16:43:11+08:00 ] 127.0.0.1 /index.php/Index/tplist
SQL: SHOW COLUMNS FROM `sc_hangye` [ RunTime:0.003342s ]
SQL: SELECT * FROM `sc_hangye`  [ RunTime:0.003360s ]
INFO: [ view_parse ] --START--
INFO: ParseTemplate Behavior ::run [ RunTime:0.013234s ]
INFO: [ view_parse ] --END-- [ RunTime:0.013378s ]
INFO: [ view_filter ] --START--
INFO: ContentReplace Behavior ::run [ RunTime:0.000509s ]
INFO: TokenBuild Behavior ::run [ RunTime:0.000410s ]
INFO: WriteHtmlCache Behavior ::run [ RunTime:0.000268s ]
INFO: ShowRuntime Behavior ::run [ RunTime:0.000496s ]
INFO: [ view_filter ] --END-- [ RunTime:0.001896s ]
INFO: [ view_end ] --START--
INFO: ShowPageTrace Behavior ::run [ RunTime:0.000669s ]
INFO: [ view_end ] --END-- [ RunTime:0.000747s ]

[ 2014-07-07T16:43:11+08:00 ] 127.0.0.1 /index.php/Index/tplist
SQL: SHOW COLUMNS FROM `sc_hangye` [ RunTime:0.002225s ]
SQL: SELECT * FROM `sc_hangye`  [ RunTime:0.001772s ]
INFO: [ view_parse ] --START--
INFO: ParseTemplate Behavior ::run [ RunTime:0.011825s ]
INFO: [ view_parse ] --END-- [ RunTime:0.011989s ]
INFO: [ view_filter ] --START--
INFO: ContentReplace Behavior ::run [ RunTime:0.000494s ]
INFO: TokenBuild Behavior ::run [ RunTime:0.000407s ]
INFO: WriteHtmlCache Behavior ::run [ RunTime:0.000273s ]
INFO: ShowRuntime Behavior ::run [ RunTime:0.000802s ]
INFO: [ view_filter ] --END-- [ RunTime:0.002186s ]
INFO: [ view_end ] --START--
INFO: ShowPageTrace Behavior ::run [ RunTime:0.000679s ]
INFO: [ view_end ] --END-- [ RunTime:0.000754s ]

[ 2014-07-07T16:44:28+08:00 ] 127.0.0.1 /index.php/Index/tplist
SQL: SHOW COLUMNS FROM `sc_hangye` [ RunTime:0.017495s ]
SQL: SELECT * FROM `sc_hangye`  [ RunTime:0.004497s ]
INFO: [ view_parse ] --START--
INFO: ParseTemplate Behavior ::run [ RunTime:0.014793s ]
INFO: [ view_parse ] --END-- [ RunTime:0.014949s ]
INFO: [ view_filter ] --START--
INFO: ContentReplace Behavior ::run [ RunTime:0.000568s ]
INFO: TokenBuild Behavior ::run [ RunTime:0.000457s ]
INFO: WriteHtmlCache Behavior ::run [ RunTime:0.000574s ]
INFO: ShowRuntime Behavior ::run [ RunTime:0.001043s ]
INFO: [ view_filter ] --END-- [ RunTime:0.003074s ]
INFO: [ view_end ] --START--
INFO: ShowPageTrace Behavior ::run [ RunTime:0.002943s ]
INFO: [ view_end ] --END-- [ RunTime:0.003180s ]

[ 2014-07-07T16:44:30+08:00 ] 127.0.0.1 /index.php/Index/tplist
SQL: SHOW COLUMNS FROM `sc_hangye` [ RunTime:0.002256s ]
SQL: SELECT * FROM `sc_hangye`  [ RunTime:0.001222s ]
INFO: [ view_parse ] --START--
INFO: ParseTemplate Behavior ::run [ RunTime:0.011336s ]
INFO: [ view_parse ] --END-- [ RunTime:0.011504s ]
INFO: [ view_filter ] --START--
INFO: ContentReplace Behavior ::run [ RunTime:0.000477s ]
INFO: TokenBuild Behavior ::run [ RunTime:0.000399s ]
INFO: WriteHtmlCache Behavior ::run [ RunTime:0.000480s ]
INFO: ShowRuntime Behavior ::run [ RunTime:0.000775s ]
INFO: [ view_filter ] --END-- [ RunTime:0.002577s ]
INFO: [ view_end ] --START--
INFO: ShowPageTrace Behavior ::run [ RunTime:0.000762s ]
INFO: [ view_end ] --END-- [ RunTime:0.000855s ]

[ 2014-07-07T16:44:34+08:00 ] 127.0.0.1 /index.php/Index/tplist
SQL: SHOW COLUMNS FROM `sc_hangye` [ RunTime:0.004476s ]
SQL: SELECT * FROM `sc_hangye`  [ RunTime:0.003793s ]
INFO: [ view_parse ] --START--
INFO: ParseTemplate Behavior ::run [ RunTime:0.014124s ]
INFO: [ view_parse ] --END-- [ RunTime:0.014381s ]
INFO: [ view_filter ] --START--
INFO: ContentReplace Behavior ::run [ RunTime:0.000879s ]
INFO: TokenBuild Behavior ::run [ RunTime:0.001132s ]
INFO: WriteHtmlCache Behavior ::run [ RunTime:0.000729s ]
INFO: ShowRuntime Behavior ::run [ RunTime:0.000736s ]
INFO: [ view_filter ] --END-- [ RunTime:0.003860s ]
INFO: [ view_end ] --START--
INFO: ShowPageTrace Behavior ::run [ RunTime:0.000881s ]
INFO: [ view_end ] --END-- [ RunTime:0.000994s ]

[ 2014-07-07T16:44:36+08:00 ] 127.0.0.1 /index.php/Index/tplist
SQL: SHOW COLUMNS FROM `sc_hangye` [ RunTime:0.002961s ]
SQL: SELECT * FROM `sc_hangye`  [ RunTime:0.010441s ]
INFO: [ view_parse ] --START--
INFO: ParseTemplate Behavior ::run [ RunTime:0.012260s ]
INFO: [ view_parse ] --END-- [ RunTime:0.012512s ]
INFO: [ view_filter ] --START--
INFO: ContentReplace Behavior ::run [ RunTime:0.000492s ]
INFO: TokenBuild Behavior ::run [ RunTime:0.000401s ]
INFO: WriteHtmlCache Behavior ::run [ RunTime:0.000268s ]
INFO: ShowRuntime Behavior ::run [ RunTime:0.000524s ]
INFO: [ view_filter ] --END-- [ RunTime:0.001902s ]
INFO: [ view_end ] --START--
INFO: ShowPageTrace Behavior ::run [ RunTime:0.000800s ]
INFO: [ view_end ] --END-- [ RunTime:0.000895s ]

